INFO [2023-10-06 15:49:22] [[1]]
INFO [2023-10-06 15:49:22] list(GSEA = gsea_sig$pathway, sSNAPPY = sSNAPPY_rs$gs_name)
INFO [2023-10-06 15:49:22] 
INFO [2023-10-06 15:49:22] $type
INFO [2023-10-06 15:49:22] [1] "venn"
INFO [2023-10-06 15:49:22] 
INFO [2023-10-06 15:49:22] $scaled
INFO [2023-10-06 15:49:22] [1] TRUE
INFO [2023-10-06 15:49:22] 
INFO [2023-10-06 15:49:22] $euler.d
INFO [2023-10-06 15:49:22] [1] TRUE
INFO [2023-10-06 15:49:22] 
INFO [2023-10-06 15:49:22] $col
INFO [2023-10-06 15:49:22] c("#ED90A4", "#ACA2EC")
INFO [2023-10-06 15:49:22] 
INFO [2023-10-06 15:49:22] $fill
INFO [2023-10-06 15:49:22] c("#ED90A4", "#ACA2EC")
INFO [2023-10-06 15:49:22] 
INFO [2023-10-06 15:49:22] $filename
INFO [2023-10-06 15:49:22] NULL
INFO [2023-10-06 15:49:22] 
INFO [2023-10-06 15:49:22] $cat.pos
INFO [2023-10-06 15:49:22] c(-40, 30)
INFO [2023-10-06 15:49:22] 
