INFO [2023-10-06 15:49:23] [[1]]
INFO [2023-10-06 15:49:23] list(fry = fry_sig$Pathway, sSNAPPY = sSNAPPY_rs$gs_name)
INFO [2023-10-06 15:49:23] 
INFO [2023-10-06 15:49:23] $type
INFO [2023-10-06 15:49:23] [1] "venn"
INFO [2023-10-06 15:49:23] 
INFO [2023-10-06 15:49:23] $scaled
INFO [2023-10-06 15:49:23] [1] TRUE
INFO [2023-10-06 15:49:23] 
INFO [2023-10-06 15:49:23] $euler.d
INFO [2023-10-06 15:49:23] [1] TRUE
INFO [2023-10-06 15:49:23] 
INFO [2023-10-06 15:49:23] $fill
INFO [2023-10-06 15:49:23] c("#ACA2EC", "#ABB150")
INFO [2023-10-06 15:49:23] 
INFO [2023-10-06 15:49:23] $col
INFO [2023-10-06 15:49:23] c("#ACA2EC", "#ABB150")
INFO [2023-10-06 15:49:23] 
INFO [2023-10-06 15:49:23] $filename
INFO [2023-10-06 15:49:23] NULL
INFO [2023-10-06 15:49:23] 
INFO [2023-10-06 15:49:23] $cat.pos
INFO [2023-10-06 15:49:23] c(-40, 40)
INFO [2023-10-06 15:49:23] 
